<?xml version="1.0" encoding="UTF-8"?>
<!-- Generated by org.testng.reporters.JUnitReportReporter -->
<testsuite skipped="0" hostname="DESKTOP-IQM52SA" name="testCases.PUT_Or_Update_A_Product" tests="1" failures="0" timestamp="22 Mar 2021 04:16:34 GMT" time="3.211" errors="0">
  <testcase name="update_A_Product" time="3.211" classname="testCases.PUT_Or_Update_A_Product"/>
</testsuite> <!-- testCases.PUT_Or_Update_A_Product -->
