<?xml version="1.0" encoding="UTF-8"?>
<!-- Generated by org.testng.reporters.JUnitReportReporter -->
<testsuite skipped="0" hostname="DESKTOP-IQM52SA" name="testCases.GET_Read_All_Poducts" tests="1" failures="0" timestamp="22 Mar 2021 04:15:12 GMT" time="2.109" errors="0">
  <testcase name="read_all_Products" time="2.109" classname="testCases.GET_Read_All_Poducts"/>
</testsuite> <!-- testCases.GET_Read_All_Poducts -->
