<?xml version="1.0" encoding="UTF-8"?>
<!-- Generated by org.testng.reporters.JUnitReportReporter -->
<testsuite skipped="0" hostname="DESKTOP-IQM52SA" name="testCases.POST_Create_A_Product" tests="1" failures="0" timestamp="22 Mar 2021 04:16:02 GMT" time="2.519" errors="0">
  <testcase name="create_A_Product" time="2.519" classname="testCases.POST_Create_A_Product"/>
</testsuite> <!-- testCases.POST_Create_A_Product -->
